nohup: ignoring input
Achatina_immaculata
/root/miniconda3/envs/funannotate/bin/diamond /root/miniconda3/envs/funannotate/lib/python2.7/site-packages
#  emapper-2.0.1
# ./emapper.py  --target_orthologs all --go_evidence non-electronic -m diamond --seed_ortholog_evalue 0.001 --seed_ortholog_score 60 --query-cover 20 --subject-cover 0 --override -i /home/yichun/huilab/snail/longest_protO/Achatina_immaculata.fa -o Achatina_immaculata.eggnog --output_dir /home/yichun/huilab/snail/eggnog --temp_dir /home/yichun/huilab/snail/eggnog_tmp --database none --cpu 40
[1;33m  /root/miniconda3/envs/funannotate/bin/diamond blastp -d /root/miniconda3/envs/funannotate/lib/python2.7/site-packages/data/eggnog_proteins.dmnd -q /home/yichun/huilab/snail/longest_protO/Achatina_immaculata.fa --more-sensitive --threads 40 -e 0.001000 -o /home/yichun/huilab/snail/eggnog_tmp/emappertmp_dmdn_asVyqp/6262b2a008df4fa895b5a21c3dc1a99b --top 3 --query-cover 20.0 --subject-cover 0.0[0m
[32mFunctional annotation of refined hits starts now[0m
500 84.028703928 5.95 q/s (func. annotation)
1000 126.167485952 7.93 q/s (func. annotation)
1500 151.573745966 9.90 q/s (func. annotation)
2000 176.46578002 11.33 q/s (func. annotation)
2500 199.466113091 12.53 q/s (func. annotation)
3000 245.03681612 12.24 q/s (func. annotation)
3500 252.606727123 13.86 q/s (func. annotation)
4000 256.081542015 15.62 q/s (func. annotation)
4500 262.60935092 17.14 q/s (func. annotation)
5000 271.528023958 18.41 q/s (func. annotation)
5500 286.421983957 19.20 q/s (func. annotation)
6000 327.309885025 18.33 q/s (func. annotation)
6500 333.226804972 19.51 q/s (func. annotation)
7000 339.966589928 20.59 q/s (func. annotation)
7500 344.003484964 21.80 q/s (func. annotation)
8000 355.461834908 22.51 q/s (func. annotation)
8500 360.232089996 23.60 q/s (func. annotation)
9000 365.40809989 24.63 q/s (func. annotation)
9500 417.117893934 22.78 q/s (func. annotation)
10000 417.57220006 23.95 q/s (func. annotation)
10500 417.792829037 25.13 q/s (func. annotation)
11000 418.122968912 26.31 q/s (func. annotation)
11500 418.402475119 27.49 q/s (func. annotation)
12000 418.755671978 28.66 q/s (func. annotation)
12500 418.983700037 29.83 q/s (func. annotation)
13000 419.300906897 31.00 q/s (func. annotation)
13500 419.544861078 32.18 q/s (func. annotation)
14000 419.74062109 33.35 q/s (func. annotation)
14500 419.981456041 34.53 q/s (func. annotation)
[1;34m Processed queries:14961 total_time:420.220668077 rate:35.60 q/s[0m
[32mDone[0m
   Achatina_immaculata.eggnog.emapper.seed_orthologs
   Achatina_immaculata.eggnog.emapper.annotations
Total time: 2488.02 secs

================================================================================
CITATION:
If you use this software, please cite:

[1] Fast genome-wide functional annotation through orthology assignment by
      eggNOG-mapper. Jaime Huerta-Cepas, Kristoffer Forslund, Luis Pedro Coelho,
      Damian Szklarczyk, Lars Juhl Jensen, Christian von Mering and Peer Bork.
      Mol Biol Evol (2017). doi: https://doi.org/10.1093/molbev/msx148

[2] eggNOG 5.0: a hierarchical, functionally and phylogenetically annotated
      orthology resource based on 5090 organisms and 2502 viruses. Jaime
      Huerta-Cepas, Damian Szklarczyk, Davide Heller, Ana Hernandez-Plaza,
      Sofia K Forslund, Helen Cook, Daniel R Mende, Ivica Letunic, Thomas
      Rattei, Lars J Jensen, Christian von Mering and Peer Bork. Nucleic Acids
      Research, Volume 47, Issue D1, 8 January 2019, Pages D309-D314,
      https://doi.org/10.1093/nar/gky1085 
[3] Fast and Sensitive Protein Alignment using DIAMOND. Buchfink B, Xie C,
       Huson DH. 2015. Nat. Methods [Internet] 12.


(e.g. Functional annotation was performed using emapper-2.0.1 [1]
 based on eggNOG orthology data [2]. Sequence searches were performed
 using [3].)

================================================================================

Biomphalaria_glabrata
/root/miniconda3/envs/funannotate/bin/diamond /root/miniconda3/envs/funannotate/lib/python2.7/site-packages
#  emapper-2.0.1
# ./emapper.py  --target_orthologs all --go_evidence non-electronic -m diamond --seed_ortholog_evalue 0.001 --seed_ortholog_score 60 --query-cover 20 --subject-cover 0 --override -i /home/yichun/huilab/snail/longest_protO/Biomphalaria_glabrata.fa -o Biomphalaria_glabrata.eggnog --output_dir /home/yichun/huilab/snail/eggnog --temp_dir /home/yichun/huilab/snail/eggnog_tmp --database none --cpu 40
[1;33m  /root/miniconda3/envs/funannotate/bin/diamond blastp -d /root/miniconda3/envs/funannotate/lib/python2.7/site-packages/data/eggnog_proteins.dmnd -q /home/yichun/huilab/snail/longest_protO/Biomphalaria_glabrata.fa --more-sensitive --threads 40 -e 0.001000 -o /home/yichun/huilab/snail/eggnog_tmp/emappertmp_dmdn_1eD7Dq/720636a0b29b4263a20084ed89632687 --top 3 --query-cover 20.0 --subject-cover 0.0[0m
[32mFunctional annotation of refined hits starts now[0m
500 61.1891801357 8.17 q/s (func. annotation)
1000 63.7496800423 15.69 q/s (func. annotation)
1500 65.8582730293 22.78 q/s (func. annotation)
2000 68.2515311241 29.30 q/s (func. annotation)
2500 71.3201880455 35.05 q/s (func. annotation)
3000 72.9278001785 41.14 q/s (func. annotation)
3500 74.4892010689 46.99 q/s (func. annotation)
4000 77.137912035 51.86 q/s (func. annotation)
4500 77.7756621838 57.86 q/s (func. annotation)
5000 79.1506252289 63.17 q/s (func. annotation)
5500 83.9265232086 65.53 q/s (func. annotation)
6000 86.4608340263 69.40 q/s (func. annotation)
6500 88.8539040089 73.15 q/s (func. annotation)
7000 90.7989740372 77.09 q/s (func. annotation)
7500 92.0198471546 81.50 q/s (func. annotation)
8000 95.0235590935 84.19 q/s (func. annotation)
8500 97.1627612114 87.48 q/s (func. annotation)
9000 102.382685184 87.91 q/s (func. annotation)
9500 121.13542223 78.42 q/s (func. annotation)
10000 122.616003036 81.56 q/s (func. annotation)
10500 124.11533618 84.60 q/s (func. annotation)
11000 125.554209232 87.61 q/s (func. annotation)
11500 126.80283618 90.69 q/s (func. annotation)
12000 127.834929228 93.87 q/s (func. annotation)
12500 129.44603014 96.57 q/s (func. annotation)
13000 131.036086082 99.21 q/s (func. annotation)
13500 132.75043416 101.69 q/s (func. annotation)
14000 133.389815092 104.96 q/s (func. annotation)
14500 134.067220211 108.15 q/s (func. annotation)
15000 134.724529028 111.34 q/s (func. annotation)
15500 135.302843094 114.56 q/s (func. annotation)
16000 135.791377068 117.83 q/s (func. annotation)
16500 136.285754204 121.07 q/s (func. annotation)
17000 136.650618076 124.40 q/s (func. annotation)
17500 136.8746562 127.85 q/s (func. annotation)
18000 137.126673222 131.27 q/s (func. annotation)
18500 137.432512045 134.61 q/s (func. annotation)
[1;34m Processed queries:18627 total_time:137.578165054 rate:135.39 q/s[0m
[32mDone[0m
   Biomphalaria_glabrata.eggnog.emapper.seed_orthologs
   Biomphalaria_glabrata.eggnog.emapper.annotations
Total time: 2199.28 secs

================================================================================
CITATION:
If you use this software, please cite:

[1] Fast genome-wide functional annotation through orthology assignment by
      eggNOG-mapper. Jaime Huerta-Cepas, Kristoffer Forslund, Luis Pedro Coelho,
      Damian Szklarczyk, Lars Juhl Jensen, Christian von Mering and Peer Bork.
      Mol Biol Evol (2017). doi: https://doi.org/10.1093/molbev/msx148

[2] eggNOG 5.0: a hierarchical, functionally and phylogenetically annotated
      orthology resource based on 5090 organisms and 2502 viruses. Jaime
      Huerta-Cepas, Damian Szklarczyk, Davide Heller, Ana Hernandez-Plaza,
      Sofia K Forslund, Helen Cook, Daniel R Mende, Ivica Letunic, Thomas
      Rattei, Lars J Jensen, Christian von Mering and Peer Bork. Nucleic Acids
      Research, Volume 47, Issue D1, 8 January 2019, Pages D309-D314,
      https://doi.org/10.1093/nar/gky1085 
[3] Fast and Sensitive Protein Alignment using DIAMOND. Buchfink B, Xie C,
       Huson DH. 2015. Nat. Methods [Internet] 12.


(e.g. Functional annotation was performed using emapper-2.0.1 [1]
 based on eggNOG orthology data [2]. Sequence searches were performed
 using [3].)

================================================================================

Biomphalaria_straminea
/root/miniconda3/envs/funannotate/bin/diamond /root/miniconda3/envs/funannotate/lib/python2.7/site-packages
#  emapper-2.0.1
# ./emapper.py  --target_orthologs all --go_evidence non-electronic -m diamond --seed_ortholog_evalue 0.001 --seed_ortholog_score 60 --query-cover 20 --subject-cover 0 --override -i /home/yichun/huilab/snail/longest_protO/Biomphalaria_straminea.fa -o Biomphalaria_straminea.eggnog --output_dir /home/yichun/huilab/snail/eggnog --temp_dir /home/yichun/huilab/snail/eggnog_tmp --database none --cpu 40
[1;33m  /root/miniconda3/envs/funannotate/bin/diamond blastp -d /root/miniconda3/envs/funannotate/lib/python2.7/site-packages/data/eggnog_proteins.dmnd -q /home/yichun/huilab/snail/longest_protO/Biomphalaria_straminea.fa --more-sensitive --threads 40 -e 0.001000 -o /home/yichun/huilab/snail/eggnog_tmp/emappertmp_dmdn_V91_d6/67e43187c3f2463b88c8d8cf6e2c3578 --top 3 --query-cover 20.0 --subject-cover 0.0[0m
[32mFunctional annotation of refined hits starts now[0m
500 17.5304269791 28.52 q/s (func. annotation)
1000 18.2367961407 54.83 q/s (func. annotation)
1500 21.2776200771 70.50 q/s (func. annotation)
2000 21.8354830742 91.59 q/s (func. annotation)
2500 23.0687420368 108.37 q/s (func. annotation)
3000 26.8021070957 111.93 q/s (func. annotation)
3500 29.0319139957 120.56 q/s (func. annotation)
4000 29.751650095 134.45 q/s (func. annotation)
4500 32.0558421612 140.38 q/s (func. annotation)
5000 34.1718859673 146.32 q/s (func. annotation)
5500 36.3823959827 151.17 q/s (func. annotation)
6000 38.6433670521 155.27 q/s (func. annotation)
6500 39.7851891518 163.38 q/s (func. annotation)
7000 43.0176429749 162.72 q/s (func. annotation)
7500 43.9082379341 170.81 q/s (func. annotation)
8000 47.3802349567 168.85 q/s (func. annotation)
8500 47.7098360062 178.16 q/s (func. annotation)
9000 49.8482069969 180.55 q/s (func. annotation)
9500 50.5282001495 188.01 q/s (func. annotation)
10000 53.7259340286 186.13 q/s (func. annotation)
10500 55.7005901337 188.51 q/s (func. annotation)
11000 57.460449934 191.44 q/s (func. annotation)
11500 57.7531330585 199.12 q/s (func. annotation)
12000 57.8996119499 207.26 q/s (func. annotation)
12500 58.2622921467 214.55 q/s (func. annotation)
13000 58.6026120186 221.83 q/s (func. annotation)
13500 59.0364649296 228.67 q/s (func. annotation)
14000 59.3436720371 235.91 q/s (func. annotation)
14500 59.5863170624 243.34 q/s (func. annotation)
15000 59.8440799713 250.65 q/s (func. annotation)
15500 60.0901970863 257.95 q/s (func. annotation)
16000 60.2509391308 265.56 q/s (func. annotation)
16500 60.488088131 272.78 q/s (func. annotation)
17000 60.8087120056 279.57 q/s (func. annotation)
17500 60.9626541138 287.06 q/s (func. annotation)
18000 61.1494641304 294.36 q/s (func. annotation)
18500 61.3566329479 301.52 q/s (func. annotation)
19000 61.565376997 308.62 q/s (func. annotation)
19500 61.8323180676 315.37 q/s (func. annotation)
20000 62.0018079281 322.57 q/s (func. annotation)
20500 62.1664690971 329.76 q/s (func. annotation)
21000 62.3801760674 336.65 q/s (func. annotation)
21500 62.6335420609 343.27 q/s (func. annotation)
22000 62.7885630131 350.38 q/s (func. annotation)
22500 62.973238945 357.29 q/s (func. annotation)
23000 63.2460160255 363.66 q/s (func. annotation)
23500 63.4883720875 370.15 q/s (func. annotation)
24000 63.6635971069 376.98 q/s (func. annotation)
24500 63.8167910576 383.91 q/s (func. annotation)
25000 64.0736379623 390.18 q/s (func. annotation)
25500 64.2991621494 396.58 q/s (func. annotation)
[1;34m Processed queries:25699 total_time:64.4442460537 rate:398.78 q/s[0m
[32mDone[0m
   Biomphalaria_straminea.eggnog.emapper.seed_orthologs
   Biomphalaria_straminea.eggnog.emapper.annotations
Total time: 2023.74 secs

================================================================================
CITATION:
If you use this software, please cite:

[1] Fast genome-wide functional annotation through orthology assignment by
      eggNOG-mapper. Jaime Huerta-Cepas, Kristoffer Forslund, Luis Pedro Coelho,
      Damian Szklarczyk, Lars Juhl Jensen, Christian von Mering and Peer Bork.
      Mol Biol Evol (2017). doi: https://doi.org/10.1093/molbev/msx148

[2] eggNOG 5.0: a hierarchical, functionally and phylogenetically annotated
      orthology resource based on 5090 organisms and 2502 viruses. Jaime
      Huerta-Cepas, Damian Szklarczyk, Davide Heller, Ana Hernandez-Plaza,
      Sofia K Forslund, Helen Cook, Daniel R Mende, Ivica Letunic, Thomas
      Rattei, Lars J Jensen, Christian von Mering and Peer Bork. Nucleic Acids
      Research, Volume 47, Issue D1, 8 January 2019, Pages D309-D314,
      https://doi.org/10.1093/nar/gky1085 
[3] Fast and Sensitive Protein Alignment using DIAMOND. Buchfink B, Xie C,
       Huson DH. 2015. Nat. Methods [Internet] 12.


(e.g. Functional annotation was performed using emapper-2.0.1 [1]
 based on eggNOG orthology data [2]. Sequence searches were performed
 using [3].)

================================================================================

Chrysomallon_squamiferum
/root/miniconda3/envs/funannotate/bin/diamond /root/miniconda3/envs/funannotate/lib/python2.7/site-packages
#  emapper-2.0.1
# ./emapper.py  --target_orthologs all --go_evidence non-electronic -m diamond --seed_ortholog_evalue 0.001 --seed_ortholog_score 60 --query-cover 20 --subject-cover 0 --override -i /home/yichun/huilab/snail/longest_protO/Chrysomallon_squamiferum.fa -o Chrysomallon_squamiferum.eggnog --output_dir /home/yichun/huilab/snail/eggnog --temp_dir /home/yichun/huilab/snail/eggnog_tmp --database none --cpu 40
[1;33m  /root/miniconda3/envs/funannotate/bin/diamond blastp -d /root/miniconda3/envs/funannotate/lib/python2.7/site-packages/data/eggnog_proteins.dmnd -q /home/yichun/huilab/snail/longest_protO/Chrysomallon_squamiferum.fa --more-sensitive --threads 40 -e 0.001000 -o /home/yichun/huilab/snail/eggnog_tmp/emappertmp_dmdn_rZDiqs/648fdf6f616743ceb25163ceaf0ef5d1 --top 3 --query-cover 20.0 --subject-cover 0.0[0m
[32mFunctional annotation of refined hits starts now[0m
500 2.32237911224 215.30 q/s (func. annotation)
1000 4.64615607262 215.23 q/s (func. annotation)
1500 5.96205806732 251.59 q/s (func. annotation)
2000 7.18402409554 278.40 q/s (func. annotation)
2500 8.20328617096 304.76 q/s (func. annotation)
3000 10.2527050972 292.61 q/s (func. annotation)
3500 12.9551420212 270.16 q/s (func. annotation)
4000 14.1583850384 282.52 q/s (func. annotation)
4500 16.3225159645 275.69 q/s (func. annotation)
5000 17.2817220688 289.32 q/s (func. annotation)
5500 18.6375379562 295.10 q/s (func. annotation)
6000 19.0565309525 314.85 q/s (func. annotation)
6500 20.4862310886 317.29 q/s (func. annotation)
7000 22.6075701714 309.63 q/s (func. annotation)
7500 23.7533490658 315.74 q/s (func. annotation)
8000 24.9846451283 320.20 q/s (func. annotation)
8500 25.4736969471 333.68 q/s (func. annotation)
9000 26.128152132 344.46 q/s (func. annotation)
9500 26.9271380901 352.80 q/s (func. annotation)
10000 27.3009691238 366.29 q/s (func. annotation)
10500 27.8698999882 376.75 q/s (func. annotation)
11000 28.103990078 391.40 q/s (func. annotation)
11500 28.3377690315 405.82 q/s (func. annotation)
12000 28.6552290916 418.77 q/s (func. annotation)
12500 28.8953909874 432.59 q/s (func. annotation)
[1;34m Processed queries:12516 total_time:28.9904990196 rate:431.73 q/s[0m
[32mDone[0m
   Chrysomallon_squamiferum.eggnog.emapper.seed_orthologs
   Chrysomallon_squamiferum.eggnog.emapper.annotations
Total time: 1603.23 secs

================================================================================
CITATION:
If you use this software, please cite:

[1] Fast genome-wide functional annotation through orthology assignment by
      eggNOG-mapper. Jaime Huerta-Cepas, Kristoffer Forslund, Luis Pedro Coelho,
      Damian Szklarczyk, Lars Juhl Jensen, Christian von Mering and Peer Bork.
      Mol Biol Evol (2017). doi: https://doi.org/10.1093/molbev/msx148

[2] eggNOG 5.0: a hierarchical, functionally and phylogenetically annotated
      orthology resource based on 5090 organisms and 2502 viruses. Jaime
      Huerta-Cepas, Damian Szklarczyk, Davide Heller, Ana Hernandez-Plaza,
      Sofia K Forslund, Helen Cook, Daniel R Mende, Ivica Letunic, Thomas
      Rattei, Lars J Jensen, Christian von Mering and Peer Bork. Nucleic Acids
      Research, Volume 47, Issue D1, 8 January 2019, Pages D309-D314,
      https://doi.org/10.1093/nar/gky1085 
[3] Fast and Sensitive Protein Alignment using DIAMOND. Buchfink B, Xie C,
       Huson DH. 2015. Nat. Methods [Internet] 12.


(e.g. Functional annotation was performed using emapper-2.0.1 [1]
 based on eggNOG orthology data [2]. Sequence searches were performed
 using [3].)

================================================================================

Crassostrea_gigas
/root/miniconda3/envs/funannotate/bin/diamond /root/miniconda3/envs/funannotate/lib/python2.7/site-packages
#  emapper-2.0.1
# ./emapper.py  --target_orthologs all --go_evidence non-electronic -m diamond --seed_ortholog_evalue 0.001 --seed_ortholog_score 60 --query-cover 20 --subject-cover 0 --override -i /home/yichun/huilab/snail/longest_protO/Crassostrea_gigas.fa -o Crassostrea_gigas.eggnog --output_dir /home/yichun/huilab/snail/eggnog --temp_dir /home/yichun/huilab/snail/eggnog_tmp --database none --cpu 40
[1;33m  /root/miniconda3/envs/funannotate/bin/diamond blastp -d /root/miniconda3/envs/funannotate/lib/python2.7/site-packages/data/eggnog_proteins.dmnd -q /home/yichun/huilab/snail/longest_protO/Crassostrea_gigas.fa --more-sensitive --threads 40 -e 0.001000 -o /home/yichun/huilab/snail/eggnog_tmp/emappertmp_dmdn_YvBsWZ/dfad2e2f76c6449aa14c872be841cbdf --top 3 --query-cover 20.0 --subject-cover 0.0[0m
[32mFunctional annotation of refined hits starts now[0m
500 3.28859901428 152.04 q/s (func. annotation)
1000 4.50883889198 221.79 q/s (func. annotation)
1500 5.75422406197 260.68 q/s (func. annotation)
2000 6.66551184654 300.05 q/s (func. annotation)
2500 8.39746785164 297.71 q/s (func. annotation)
3000 9.40760493279 318.89 q/s (func. annotation)
3500 12.7947640419 273.55 q/s (func. annotation)
4000 13.8737390041 288.31 q/s (func. annotation)
4500 14.9272830486 301.46 q/s (func. annotation)
5000 16.1668169498 309.28 q/s (func. annotation)
5500 16.998071909 323.57 q/s (func. annotation)
6000 19.6711800098 305.01 q/s (func. annotation)
6500 21.3088209629 305.04 q/s (func. annotation)
7000 22.9338920116 305.23 q/s (func. annotation)
7500 25.7632420063 291.11 q/s (func. annotation)
8000 26.718793869 299.41 q/s (func. annotation)
8500 27.6521999836 307.39 q/s (func. annotation)
9000 28.5320849419 315.43 q/s (func. annotation)
9500 29.5481228828 321.51 q/s (func. annotation)
10000 30.3569009304 329.41 q/s (func. annotation)
10500 31.6336810589 331.92 q/s (func. annotation)
11000 32.3120448589 340.43 q/s (func. annotation)
11500 34.5460748672 332.89 q/s (func. annotation)
12000 34.8737099171 344.10 q/s (func. annotation)
12500 35.1747090816 355.37 q/s (func. annotation)
13000 35.4018769264 367.21 q/s (func. annotation)
13500 35.5884809494 379.34 q/s (func. annotation)
14000 35.757297039 391.53 q/s (func. annotation)
14500 35.9287550449 403.58 q/s (func. annotation)
15000 36.1398210526 415.05 q/s (func. annotation)
15500 36.2638430595 427.42 q/s (func. annotation)
16000 36.4938979149 438.43 q/s (func. annotation)
16500 36.6642570496 450.03 q/s (func. annotation)
17000 36.8901748657 460.83 q/s (func. annotation)
17500 37.0368540287 472.50 q/s (func. annotation)
18000 37.2507519722 483.21 q/s (func. annotation)
18500 37.4267020226 494.30 q/s (func. annotation)
19000 37.6130809784 505.14 q/s (func. annotation)
19500 37.8477380276 515.22 q/s (func. annotation)
20000 38.0495538712 525.63 q/s (func. annotation)
20500 38.250784874 535.94 q/s (func. annotation)
21000 38.4245610237 546.53 q/s (func. annotation)
21500 38.5877180099 557.17 q/s (func. annotation)
[1;34m Processed queries:21596 total_time:38.7234239578 rate:557.70 q/s[0m
[32mDone[0m
   Crassostrea_gigas.eggnog.emapper.seed_orthologs
   Crassostrea_gigas.eggnog.emapper.annotations
Total time: 2005.25 secs

================================================================================
CITATION:
If you use this software, please cite:

[1] Fast genome-wide functional annotation through orthology assignment by
      eggNOG-mapper. Jaime Huerta-Cepas, Kristoffer Forslund, Luis Pedro Coelho,
      Damian Szklarczyk, Lars Juhl Jensen, Christian von Mering and Peer Bork.
      Mol Biol Evol (2017). doi: https://doi.org/10.1093/molbev/msx148

[2] eggNOG 5.0: a hierarchical, functionally and phylogenetically annotated
      orthology resource based on 5090 organisms and 2502 viruses. Jaime
      Huerta-Cepas, Damian Szklarczyk, Davide Heller, Ana Hernandez-Plaza,
      Sofia K Forslund, Helen Cook, Daniel R Mende, Ivica Letunic, Thomas
      Rattei, Lars J Jensen, Christian von Mering and Peer Bork. Nucleic Acids
      Research, Volume 47, Issue D1, 8 January 2019, Pages D309-D314,
      https://doi.org/10.1093/nar/gky1085 
[3] Fast and Sensitive Protein Alignment using DIAMOND. Buchfink B, Xie C,
       Huson DH. 2015. Nat. Methods [Internet] 12.


(e.g. Functional annotation was performed using emapper-2.0.1 [1]
 based on eggNOG orthology data [2]. Sequence searches were performed
 using [3].)

================================================================================

Cyclina_sinensis
/root/miniconda3/envs/funannotate/bin/diamond /root/miniconda3/envs/funannotate/lib/python2.7/site-packages
#  emapper-2.0.1
# ./emapper.py  --target_orthologs all --go_evidence non-electronic -m diamond --seed_ortholog_evalue 0.001 --seed_ortholog_score 60 --query-cover 20 --subject-cover 0 --override -i /home/yichun/huilab/snail/longest_protO/Cyclina_sinensis.fa -o Cyclina_sinensis.eggnog --output_dir /home/yichun/huilab/snail/eggnog --temp_dir /home/yichun/huilab/snail/eggnog_tmp --database none --cpu 40
[1;33m  /root/miniconda3/envs/funannotate/bin/diamond blastp -d /root/miniconda3/envs/funannotate/lib/python2.7/site-packages/data/eggnog_proteins.dmnd -q /home/yichun/huilab/snail/longest_protO/Cyclina_sinensis.fa --more-sensitive --threads 40 -e 0.001000 -o /home/yichun/huilab/snail/eggnog_tmp/emappertmp_dmdn_a4Vlb4/6ac9a82b2bd240b293bf3d42c70a6feb --top 3 --query-cover 20.0 --subject-cover 0.0[0m
[32mFunctional annotation of refined hits starts now[0m
500 5.40410900116 92.52 q/s (func. annotation)
1000 6.52835011482 153.18 q/s (func. annotation)
1500 7.56422805786 198.30 q/s (func. annotation)
2000 8.39544606209 238.22 q/s (func. annotation)
2500 12.1546440125 205.68 q/s (func. annotation)
3000 14.1852679253 211.49 q/s (func. annotation)
3500 14.6137700081 239.50 q/s (func. annotation)
4000 15.6393821239 255.76 q/s (func. annotation)
4500 16.1147139072 279.25 q/s (func. annotation)
5000 19.1985609531 260.44 q/s (func. annotation)
5500 22.2186911106 247.54 q/s (func. annotation)
6000 22.659676075 264.79 q/s (func. annotation)
6500 24.0297470093 270.50 q/s (func. annotation)
7000 25.1124200821 278.75 q/s (func. annotation)
7500 26.021887064 288.22 q/s (func. annotation)
8000 26.7132439613 299.48 q/s (func. annotation)
8500 27.2048070431 312.44 q/s (func. annotation)
9000 27.6245701313 325.80 q/s (func. annotation)
9500 27.8454720974 341.17 q/s (func. annotation)
10000 28.0621809959 356.35 q/s (func. annotation)
10500 28.4338219166 369.28 q/s (func. annotation)
11000 28.7319660187 382.85 q/s (func. annotation)
11500 28.9452290535 397.30 q/s (func. annotation)
12000 29.1262080669 412.00 q/s (func. annotation)
12500 29.2868080139 426.81 q/s (func. annotation)
13000 29.4575529099 441.31 q/s (func. annotation)
13500 29.6080029011 455.96 q/s (func. annotation)
14000 29.8628001213 468.81 q/s (func. annotation)
14500 30.0607290268 482.36 q/s (func. annotation)
15000 30.2749900818 495.46 q/s (func. annotation)
15500 30.4673631191 508.74 q/s (func. annotation)
16000 30.6119310856 522.67 q/s (func. annotation)
16500 30.794549942 535.81 q/s (func. annotation)
17000 31.0284841061 547.88 q/s (func. annotation)
17500 31.1531169415 561.74 q/s (func. annotation)
18000 31.3435220718 574.28 q/s (func. annotation)
18500 31.4673140049 587.91 q/s (func. annotation)
19000 31.661509037 600.10 q/s (func. annotation)
[1;34m Processed queries:19038 total_time:31.8377859592 rate:597.97 q/s[0m
[32mDone[0m
   Cyclina_sinensis.eggnog.emapper.seed_orthologs
   Cyclina_sinensis.eggnog.emapper.annotations
Total time: 2142.56 secs

================================================================================
CITATION:
If you use this software, please cite:

[1] Fast genome-wide functional annotation through orthology assignment by
      eggNOG-mapper. Jaime Huerta-Cepas, Kristoffer Forslund, Luis Pedro Coelho,
      Damian Szklarczyk, Lars Juhl Jensen, Christian von Mering and Peer Bork.
      Mol Biol Evol (2017). doi: https://doi.org/10.1093/molbev/msx148

[2] eggNOG 5.0: a hierarchical, functionally and phylogenetically annotated
      orthology resource based on 5090 organisms and 2502 viruses. Jaime
      Huerta-Cepas, Damian Szklarczyk, Davide Heller, Ana Hernandez-Plaza,
      Sofia K Forslund, Helen Cook, Daniel R Mende, Ivica Letunic, Thomas
      Rattei, Lars J Jensen, Christian von Mering and Peer Bork. Nucleic Acids
      Research, Volume 47, Issue D1, 8 January 2019, Pages D309-D314,
      https://doi.org/10.1093/nar/gky1085 
[3] Fast and Sensitive Protein Alignment using DIAMOND. Buchfink B, Xie C,
       Huson DH. 2015. Nat. Methods [Internet] 12.


(e.g. Functional annotation was performed using emapper-2.0.1 [1]
 based on eggNOG orthology data [2]. Sequence searches were performed
 using [3].)

================================================================================

Haliotis_rubra
/root/miniconda3/envs/funannotate/bin/diamond /root/miniconda3/envs/funannotate/lib/python2.7/site-packages
#  emapper-2.0.1
# ./emapper.py  --target_orthologs all --go_evidence non-electronic -m diamond --seed_ortholog_evalue 0.001 --seed_ortholog_score 60 --query-cover 20 --subject-cover 0 --override -i /home/yichun/huilab/snail/longest_protO/Haliotis_rubra.fa -o Haliotis_rubra.eggnog --output_dir /home/yichun/huilab/snail/eggnog --temp_dir /home/yichun/huilab/snail/eggnog_tmp --database none --cpu 40
[1;33m  /root/miniconda3/envs/funannotate/bin/diamond blastp -d /root/miniconda3/envs/funannotate/lib/python2.7/site-packages/data/eggnog_proteins.dmnd -q /home/yichun/huilab/snail/longest_protO/Haliotis_rubra.fa --more-sensitive --threads 40 -e 0.001000 -o /home/yichun/huilab/snail/eggnog_tmp/emappertmp_dmdn_f0JfdM/ef677caee17e4d58850b487ccdec903e --top 3 --query-cover 20.0 --subject-cover 0.0[0m
[32mFunctional annotation of refined hits starts now[0m
500 2.47393298149 202.11 q/s (func. annotation)
1000 3.20288300514 312.22 q/s (func. annotation)
1500 3.82725596428 391.93 q/s (func. annotation)
2000 4.50511908531 443.94 q/s (func. annotation)
2500 5.19355511665 481.37 q/s (func. annotation)
3000 7.10300803185 422.36 q/s (func. annotation)
3500 7.59134793282 461.05 q/s (func. annotation)
4000 9.00741291046 444.08 q/s (func. annotation)
4500 10.0043721199 449.80 q/s (func. annotation)
5000 10.8324229717 461.58 q/s (func. annotation)
5500 13.0784330368 420.54 q/s (func. annotation)
6000 13.824368 434.02 q/s (func. annotation)
6500 15.1406509876 429.31 q/s (func. annotation)
7000 16.3186070919 428.96 q/s (func. annotation)
7500 17.5515170097 427.31 q/s (func. annotation)
8000 18.0724930763 442.66 q/s (func. annotation)
8500 18.683396101 454.95 q/s (func. annotation)
9000 19.4441320896 462.86 q/s (func. annotation)
9500 20.0239839554 474.43 q/s (func. annotation)
10000 21.0618169308 474.79 q/s (func. annotation)
10500 22.7370209694 461.80 q/s (func. annotation)
11000 23.3722639084 470.64 q/s (func. annotation)
11500 23.8705420494 481.77 q/s (func. annotation)
12000 24.0622079372 498.71 q/s (func. annotation)
12500 24.3219320774 513.94 q/s (func. annotation)
13000 24.4922521114 530.78 q/s (func. annotation)
13500 24.6769471169 547.07 q/s (func. annotation)
14000 24.9286401272 561.60 q/s (func. annotation)
14500 25.1367890835 576.84 q/s (func. annotation)
15000 25.3036839962 592.80 q/s (func. annotation)
15500 25.4268391132 609.59 q/s (func. annotation)
16000 25.6476149559 623.84 q/s (func. annotation)
16500 25.7773609161 640.10 q/s (func. annotation)
17000 26.0649280548 652.22 q/s (func. annotation)
17500 26.2190790176 667.45 q/s (func. annotation)
18000 26.5296280384 678.49 q/s (func. annotation)
18500 26.7268009186 692.19 q/s (func. annotation)
19000 26.9205400944 705.78 q/s (func. annotation)
19500 27.120223999 719.02 q/s (func. annotation)
20000 27.2371270657 734.29 q/s (func. annotation)
20500 27.3742940426 748.88 q/s (func. annotation)
21000 27.5216939449 763.03 q/s (func. annotation)
21500 27.7062079906 776.00 q/s (func. annotation)
22000 27.9433829784 787.31 q/s (func. annotation)
22500 28.0877289772 801.06 q/s (func. annotation)
23000 28.2663230896 813.69 q/s (func. annotation)
23500 28.4390621185 826.33 q/s (func. annotation)
24000 28.6172039509 838.66 q/s (func. annotation)
[1;34m Processed queries:24474 total_time:28.8103909492 rate:849.49 q/s[0m
[32mDone[0m
   Haliotis_rubra.eggnog.emapper.seed_orthologs
   Haliotis_rubra.eggnog.emapper.annotations
Total time: 1991.43 secs

================================================================================
CITATION:
If you use this software, please cite:

[1] Fast genome-wide functional annotation through orthology assignment by
      eggNOG-mapper. Jaime Huerta-Cepas, Kristoffer Forslund, Luis Pedro Coelho,
      Damian Szklarczyk, Lars Juhl Jensen, Christian von Mering and Peer Bork.
      Mol Biol Evol (2017). doi: https://doi.org/10.1093/molbev/msx148

[2] eggNOG 5.0: a hierarchical, functionally and phylogenetically annotated
      orthology resource based on 5090 organisms and 2502 viruses. Jaime
      Huerta-Cepas, Damian Szklarczyk, Davide Heller, Ana Hernandez-Plaza,
      Sofia K Forslund, Helen Cook, Daniel R Mende, Ivica Letunic, Thomas
      Rattei, Lars J Jensen, Christian von Mering and Peer Bork. Nucleic Acids
      Research, Volume 47, Issue D1, 8 January 2019, Pages D309-D314,
      https://doi.org/10.1093/nar/gky1085 
[3] Fast and Sensitive Protein Alignment using DIAMOND. Buchfink B, Xie C,
       Huson DH. 2015. Nat. Methods [Internet] 12.


(e.g. Functional annotation was performed using emapper-2.0.1 [1]
 based on eggNOG orthology data [2]. Sequence searches were performed
 using [3].)

================================================================================

Magallana_hongkongensis
/root/miniconda3/envs/funannotate/bin/diamond /root/miniconda3/envs/funannotate/lib/python2.7/site-packages
#  emapper-2.0.1
# ./emapper.py  --target_orthologs all --go_evidence non-electronic -m diamond --seed_ortholog_evalue 0.001 --seed_ortholog_score 60 --query-cover 20 --subject-cover 0 --override -i /home/yichun/huilab/snail/longest_protO/Magallana_hongkongensis.fa -o Magallana_hongkongensis.eggnog --output_dir /home/yichun/huilab/snail/eggnog --temp_dir /home/yichun/huilab/snail/eggnog_tmp --database none --cpu 40
[1;33m  /root/miniconda3/envs/funannotate/bin/diamond blastp -d /root/miniconda3/envs/funannotate/lib/python2.7/site-packages/data/eggnog_proteins.dmnd -q /home/yichun/huilab/snail/longest_protO/Magallana_hongkongensis.fa --more-sensitive --threads 40 -e 0.001000 -o /home/yichun/huilab/snail/eggnog_tmp/emappertmp_dmdn_X1gEWo/dffd4b8652fa4b00bbfcbbb2e915fa40 --top 3 --query-cover 20.0 --subject-cover 0.0[0m
[32mFunctional annotation of refined hits starts now[0m
500 1.06982684135 467.37 q/s (func. annotation)
1000 1.58468985558 631.04 q/s (func. annotation)
1500 2.13223099709 703.49 q/s (func. annotation)
2000 2.65319299698 753.81 q/s (func. annotation)
2500 2.93454194069 851.92 q/s (func. annotation)
3000 3.49767684937 857.71 q/s (func. annotation)
3500 3.82640385628 914.70 q/s (func. annotation)
4000 4.50495100021 887.91 q/s (func. annotation)
4500 4.97055983543 905.33 q/s (func. annotation)
5000 6.64326500893 752.64 q/s (func. annotation)
5500 7.17642092705 766.40 q/s (func. annotation)
6000 7.42504692078 808.08 q/s (func. annotation)
6500 7.69092202187 845.15 q/s (func. annotation)
7000 8.0942428112 864.81 q/s (func. annotation)
7500 9.12154483795 822.23 q/s (func. annotation)
8000 10.0879528522 793.03 q/s (func. annotation)
8500 10.4427518845 813.96 q/s (func. annotation)
9000 10.847869873 829.66 q/s (func. annotation)
9500 11.0823969841 857.22 q/s (func. annotation)
10000 11.3172008991 883.61 q/s (func. annotation)
10500 11.6583199501 900.64 q/s (func. annotation)
11000 11.8694880009 926.75 q/s (func. annotation)
11500 12.3918018341 928.03 q/s (func. annotation)
12000 13.0635848045 918.58 q/s (func. annotation)
12500 13.4338159561 930.49 q/s (func. annotation)
13000 13.7734179497 943.85 q/s (func. annotation)
13500 14.6120150089 923.90 q/s (func. annotation)
14000 14.9731099606 935.01 q/s (func. annotation)
14500 15.391220808 942.10 q/s (func. annotation)
15000 15.769589901 951.20 q/s (func. annotation)
15500 16.013302803 967.95 q/s (func. annotation)
16000 16.380494833 976.77 q/s (func. annotation)
16500 16.5564777851 996.59 q/s (func. annotation)
17000 16.7564618587 1014.53 q/s (func. annotation)
17500 17.0043208599 1029.15 q/s (func. annotation)
18000 17.1408789158 1050.12 q/s (func. annotation)
18500 17.3074638844 1068.90 q/s (func. annotation)
19000 17.4227788448 1090.53 q/s (func. annotation)
19500 17.5513949394 1111.02 q/s (func. annotation)
20000 17.6942129135 1130.31 q/s (func. annotation)
20500 17.838876009 1149.18 q/s (func. annotation)
21000 18.0256669521 1165.01 q/s (func. annotation)
21500 18.1783850193 1182.72 q/s (func. annotation)
22000 18.3216638565 1200.76 q/s (func. annotation)
22500 18.4557328224 1219.13 q/s (func. annotation)
23000 18.5894739628 1237.26 q/s (func. annotation)
23500 18.7950758934 1250.33 q/s (func. annotation)
24000 18.9012899399 1269.75 q/s (func. annotation)
[1;34m Processed queries:24101 total_time:19.029763937 rate:1266.49 q/s[0m
[32mDone[0m
   Magallana_hongkongensis.eggnog.emapper.seed_orthologs
   Magallana_hongkongensis.eggnog.emapper.annotations
Total time: 2018.5 secs

================================================================================
CITATION:
If you use this software, please cite:

[1] Fast genome-wide functional annotation through orthology assignment by
      eggNOG-mapper. Jaime Huerta-Cepas, Kristoffer Forslund, Luis Pedro Coelho,
      Damian Szklarczyk, Lars Juhl Jensen, Christian von Mering and Peer Bork.
      Mol Biol Evol (2017). doi: https://doi.org/10.1093/molbev/msx148

[2] eggNOG 5.0: a hierarchical, functionally and phylogenetically annotated
      orthology resource based on 5090 organisms and 2502 viruses. Jaime
      Huerta-Cepas, Damian Szklarczyk, Davide Heller, Ana Hernandez-Plaza,
      Sofia K Forslund, Helen Cook, Daniel R Mende, Ivica Letunic, Thomas
      Rattei, Lars J Jensen, Christian von Mering and Peer Bork. Nucleic Acids
      Research, Volume 47, Issue D1, 8 January 2019, Pages D309-D314,
      https://doi.org/10.1093/nar/gky1085 
[3] Fast and Sensitive Protein Alignment using DIAMOND. Buchfink B, Xie C,
       Huson DH. 2015. Nat. Methods [Internet] 12.


(e.g. Functional annotation was performed using emapper-2.0.1 [1]
 based on eggNOG orthology data [2]. Sequence searches were performed
 using [3].)

================================================================================

Marisa_cornuarietis
/root/miniconda3/envs/funannotate/bin/diamond /root/miniconda3/envs/funannotate/lib/python2.7/site-packages
#  emapper-2.0.1
# ./emapper.py  --target_orthologs all --go_evidence non-electronic -m diamond --seed_ortholog_evalue 0.001 --seed_ortholog_score 60 --query-cover 20 --subject-cover 0 --override -i /home/yichun/huilab/snail/longest_protO/Marisa_cornuarietis.fa -o Marisa_cornuarietis.eggnog --output_dir /home/yichun/huilab/snail/eggnog --temp_dir /home/yichun/huilab/snail/eggnog_tmp --database none --cpu 40
[1;33m  /root/miniconda3/envs/funannotate/bin/diamond blastp -d /root/miniconda3/envs/funannotate/lib/python2.7/site-packages/data/eggnog_proteins.dmnd -q /home/yichun/huilab/snail/longest_protO/Marisa_cornuarietis.fa --more-sensitive --threads 40 -e 0.001000 -o /home/yichun/huilab/snail/eggnog_tmp/emappertmp_dmdn_8ZGo4R/b4890f3695e64319a04a2b77e3ace219 --top 3 --query-cover 20.0 --subject-cover 0.0[0m
[32mFunctional annotation of refined hits starts now[0m
500 1.0663831234 468.87 q/s (func. annotation)
1000 1.63018703461 613.43 q/s (func. annotation)
1500 2.06865715981 725.11 q/s (func. annotation)
2000 2.58543300629 773.56 q/s (func. annotation)
2500 3.14554905891 794.77 q/s (func. annotation)
3000 4.02187919617 745.92 q/s (func. annotation)
3500 4.34115505219 806.24 q/s (func. annotation)
4000 4.64988708496 860.24 q/s (func. annotation)
4500 5.02667808533 895.22 q/s (func. annotation)
5000 5.24075722694 954.06 q/s (func. annotation)
5500 5.7576072216 955.26 q/s (func. annotation)
6000 6.61002707481 907.71 q/s (func. annotation)
6500 7.12632918358 912.11 q/s (func. annotation)
7000 7.50446820259 932.78 q/s (func. annotation)
7500 7.96503019333 941.62 q/s (func. annotation)
8000 8.58060717583 932.33 q/s (func. annotation)
8500 8.95997810364 948.66 q/s (func. annotation)
9000 9.30716514587 967.00 q/s (func. annotation)
9500 9.59804701805 989.78 q/s (func. annotation)
10000 10.0389120579 996.12 q/s (func. annotation)
10500 10.3825631142 1011.31 q/s (func. annotation)
11000 10.4964640141 1047.97 q/s (func. annotation)
11500 10.6132631302 1083.55 q/s (func. annotation)
12000 10.7491102219 1116.37 q/s (func. annotation)
12500 10.9222810268 1144.45 q/s (func. annotation)
13000 11.0492551327 1176.55 q/s (func. annotation)
13500 11.2004780769 1205.31 q/s (func. annotation)
14000 11.335706234 1235.04 q/s (func. annotation)
14500 11.4853260517 1262.48 q/s (func. annotation)
15000 11.628975153 1289.88 q/s (func. annotation)
[1;34m Processed queries:15284 total_time:11.7675402164 rate:1298.83 q/s[0m
[32mDone[0m
   Marisa_cornuarietis.eggnog.emapper.seed_orthologs
   Marisa_cornuarietis.eggnog.emapper.annotations
Total time: 1858.63 secs

================================================================================
CITATION:
If you use this software, please cite:

[1] Fast genome-wide functional annotation through orthology assignment by
      eggNOG-mapper. Jaime Huerta-Cepas, Kristoffer Forslund, Luis Pedro Coelho,
      Damian Szklarczyk, Lars Juhl Jensen, Christian von Mering and Peer Bork.
      Mol Biol Evol (2017). doi: https://doi.org/10.1093/molbev/msx148

[2] eggNOG 5.0: a hierarchical, functionally and phylogenetically annotated
      orthology resource based on 5090 organisms and 2502 viruses. Jaime
      Huerta-Cepas, Damian Szklarczyk, Davide Heller, Ana Hernandez-Plaza,
      Sofia K Forslund, Helen Cook, Daniel R Mende, Ivica Letunic, Thomas
      Rattei, Lars J Jensen, Christian von Mering and Peer Bork. Nucleic Acids
      Research, Volume 47, Issue D1, 8 January 2019, Pages D309-D314,
      https://doi.org/10.1093/nar/gky1085 
[3] Fast and Sensitive Protein Alignment using DIAMOND. Buchfink B, Xie C,
       Huson DH. 2015. Nat. Methods [Internet] 12.


(e.g. Functional annotation was performed using emapper-2.0.1 [1]
 based on eggNOG orthology data [2]. Sequence searches were performed
 using [3].)

================================================================================

Octopus_sinensis
/root/miniconda3/envs/funannotate/bin/diamond /root/miniconda3/envs/funannotate/lib/python2.7/site-packages
#  emapper-2.0.1
# ./emapper.py  --target_orthologs all --go_evidence non-electronic -m diamond --seed_ortholog_evalue 0.001 --seed_ortholog_score 60 --query-cover 20 --subject-cover 0 --override -i /home/yichun/huilab/snail/longest_protO/Octopus_sinensis.fa -o Octopus_sinensis.eggnog --output_dir /home/yichun/huilab/snail/eggnog --temp_dir /home/yichun/huilab/snail/eggnog_tmp --database none --cpu 40
[1;33m  /root/miniconda3/envs/funannotate/bin/diamond blastp -d /root/miniconda3/envs/funannotate/lib/python2.7/site-packages/data/eggnog_proteins.dmnd -q /home/yichun/huilab/snail/longest_protO/Octopus_sinensis.fa --more-sensitive --threads 40 -e 0.001000 -o /home/yichun/huilab/snail/eggnog_tmp/emappertmp_dmdn_yqXVRE/06600fbe6bd148c9887d3a1716c139c4 --top 3 --query-cover 20.0 --subject-cover 0.0[0m
[32mFunctional annotation of refined hits starts now[0m
500 2.10544610023 237.48 q/s (func. annotation)
1000 2.60002708435 384.61 q/s (func. annotation)
1500 2.97907209396 503.51 q/s (func. annotation)
2000 3.26999211311 611.62 q/s (func. annotation)
2500 3.55368304253 703.50 q/s (func. annotation)
3000 4.73216104507 633.96 q/s (func. annotation)
3500 4.99070620537 701.30 q/s (func. annotation)
4000 5.73496198654 697.48 q/s (func. annotation)
4500 6.16842198372 729.52 q/s (func. annotation)
5000 6.51451301575 767.52 q/s (func. annotation)
5500 6.80800008774 807.87 q/s (func. annotation)
6000 7.19388198853 834.04 q/s (func. annotation)
6500 8.80482816696 738.23 q/s (func. annotation)
7000 8.97597408295 779.86 q/s (func. annotation)
7500 9.26935911179 809.12 q/s (func. annotation)
8000 10.0226950645 798.19 q/s (func. annotation)
8500 10.2360901833 830.40 q/s (func. annotation)
9000 15.3552350998 586.12 q/s (func. annotation)
9500 17.1426651478 554.17 q/s (func. annotation)
10000 18.5476071835 539.15 q/s (func. annotation)
10500 18.7123501301 561.13 q/s (func. annotation)
11000 18.9486310482 580.52 q/s (func. annotation)
11500 19.1965370178 599.07 q/s (func. annotation)
12000 19.5194020271 614.77 q/s (func. annotation)
12500 19.7024970055 634.44 q/s (func. annotation)
13000 19.8209681511 655.87 q/s (func. annotation)
13500 19.9340410233 677.23 q/s (func. annotation)
14000 20.1259510517 695.62 q/s (func. annotation)
[1;34m Processed queries:14479 total_time:20.3124530315 rate:712.81 q/s[0m
[32mDone[0m
   Octopus_sinensis.eggnog.emapper.seed_orthologs
   Octopus_sinensis.eggnog.emapper.annotations
Total time: 2174.67 secs

================================================================================
CITATION:
If you use this software, please cite:

[1] Fast genome-wide functional annotation through orthology assignment by
      eggNOG-mapper. Jaime Huerta-Cepas, Kristoffer Forslund, Luis Pedro Coelho,
      Damian Szklarczyk, Lars Juhl Jensen, Christian von Mering and Peer Bork.
      Mol Biol Evol (2017). doi: https://doi.org/10.1093/molbev/msx148

[2] eggNOG 5.0: a hierarchical, functionally and phylogenetically annotated
      orthology resource based on 5090 organisms and 2502 viruses. Jaime
      Huerta-Cepas, Damian Szklarczyk, Davide Heller, Ana Hernandez-Plaza,
      Sofia K Forslund, Helen Cook, Daniel R Mende, Ivica Letunic, Thomas
      Rattei, Lars J Jensen, Christian von Mering and Peer Bork. Nucleic Acids
      Research, Volume 47, Issue D1, 8 January 2019, Pages D309-D314,
      https://doi.org/10.1093/nar/gky1085 
[3] Fast and Sensitive Protein Alignment using DIAMOND. Buchfink B, Xie C,
       Huson DH. 2015. Nat. Methods [Internet] 12.


(e.g. Functional annotation was performed using emapper-2.0.1 [1]
 based on eggNOG orthology data [2]. Sequence searches were performed
 using [3].)

================================================================================

Pinctada_fucata_martensii
/root/miniconda3/envs/funannotate/bin/diamond /root/miniconda3/envs/funannotate/lib/python2.7/site-packages
#  emapper-2.0.1
# ./emapper.py  --target_orthologs all --go_evidence non-electronic -m diamond --seed_ortholog_evalue 0.001 --seed_ortholog_score 60 --query-cover 20 --subject-cover 0 --override -i /home/yichun/huilab/snail/longest_protO/Pinctada_fucata_martensii.fa -o Pinctada_fucata_martensii.eggnog --output_dir /home/yichun/huilab/snail/eggnog --temp_dir /home/yichun/huilab/snail/eggnog_tmp --database none --cpu 40
[1;33m  /root/miniconda3/envs/funannotate/bin/diamond blastp -d /root/miniconda3/envs/funannotate/lib/python2.7/site-packages/data/eggnog_proteins.dmnd -q /home/yichun/huilab/snail/longest_protO/Pinctada_fucata_martensii.fa --more-sensitive --threads 40 -e 0.001000 -o /home/yichun/huilab/snail/eggnog_tmp/emappertmp_dmdn_QUz95e/7ed276b9cdf74d7f97c60d7cb098e6a7 --top 3 --query-cover 20.0 --subject-cover 0.0[0m
[32mFunctional annotation of refined hits starts now[0m
500 1.11480498314 448.51 q/s (func. annotation)
1000 1.88990592957 529.13 q/s (func. annotation)
1500 2.49856305122 600.35 q/s (func. annotation)
2000 2.9604101181 675.58 q/s (func. annotation)
2500 3.25252699852 768.63 q/s (func. annotation)
3000 3.63367009163 825.61 q/s (func. annotation)
3500 4.09661197662 854.36 q/s (func. annotation)
4000 4.62533903122 864.80 q/s (func. annotation)
4500 5.20178604126 865.09 q/s (func. annotation)
5000 5.52454996109 905.05 q/s (func. annotation)
5500 5.85144805908 939.94 q/s (func. annotation)
6000 6.09002995491 985.22 q/s (func. annotation)
6500 6.60924816132 983.47 q/s (func. annotation)
7000 7.04351496696 993.82 q/s (func. annotation)
7500 7.29822993279 1027.65 q/s (func. annotation)
8000 7.50826311111 1065.49 q/s (func. annotation)
8500 7.84394001961 1083.64 q/s (func. annotation)
9000 8.27503013611 1087.61 q/s (func. annotation)
9500 9.00238108635 1055.28 q/s (func. annotation)
10000 9.51087808609 1051.43 q/s (func. annotation)
10500 9.70131802559 1082.33 q/s (func. annotation)
11000 10.1228489876 1086.65 q/s (func. annotation)
11500 10.787322998 1066.07 q/s (func. annotation)
12000 11.7196791172 1023.92 q/s (func. annotation)
12500 12.0980491638 1033.22 q/s (func. annotation)
13000 12.6947369576 1024.05 q/s (func. annotation)
13500 12.924090147 1044.56 q/s (func. annotation)
14000 13.285367012 1053.79 q/s (func. annotation)
14500 13.9356310368 1040.50 q/s (func. annotation)
15000 14.425727129 1039.81 q/s (func. annotation)
15500 14.6085550785 1061.02 q/s (func. annotation)
16000 16.6018610001 963.75 q/s (func. annotation)
16500 17.1562399864 961.75 q/s (func. annotation)
17000 17.3128740788 981.93 q/s (func. annotation)
17500 17.3998799324 1005.75 q/s (func. annotation)
18000 17.4607610703 1030.88 q/s (func. annotation)
18500 17.5279960632 1055.45 q/s (func. annotation)
19000 17.5996570587 1079.57 q/s (func. annotation)
19500 17.7757799625 1097.00 q/s (func. annotation)
20000 17.9324989319 1115.29 q/s (func. annotation)
20500 18.3624401093 1116.41 q/s (func. annotation)
21000 18.5118820667 1134.41 q/s (func. annotation)
21500 18.6201570034 1154.66 q/s (func. annotation)
[1;34m Processed queries:21716 total_time:18.7050049305 rate:1160.97 q/s[0m
[32mDone[0m
   Pinctada_fucata_martensii.eggnog.emapper.seed_orthologs
   Pinctada_fucata_martensii.eggnog.emapper.annotations
Total time: 2020.3 secs

================================================================================
CITATION:
If you use this software, please cite:

[1] Fast genome-wide functional annotation through orthology assignment by
      eggNOG-mapper. Jaime Huerta-Cepas, Kristoffer Forslund, Luis Pedro Coelho,
      Damian Szklarczyk, Lars Juhl Jensen, Christian von Mering and Peer Bork.
      Mol Biol Evol (2017). doi: https://doi.org/10.1093/molbev/msx148

[2] eggNOG 5.0: a hierarchical, functionally and phylogenetically annotated
      orthology resource based on 5090 organisms and 2502 viruses. Jaime
      Huerta-Cepas, Damian Szklarczyk, Davide Heller, Ana Hernandez-Plaza,
      Sofia K Forslund, Helen Cook, Daniel R Mende, Ivica Letunic, Thomas
      Rattei, Lars J Jensen, Christian von Mering and Peer Bork. Nucleic Acids
      Research, Volume 47, Issue D1, 8 January 2019, Pages D309-D314,
      https://doi.org/10.1093/nar/gky1085 
[3] Fast and Sensitive Protein Alignment using DIAMOND. Buchfink B, Xie C,
       Huson DH. 2015. Nat. Methods [Internet] 12.


(e.g. Functional annotation was performed using emapper-2.0.1 [1]
 based on eggNOG orthology data [2]. Sequence searches were performed
 using [3].)

================================================================================

Pomacea_canaliculata
/root/miniconda3/envs/funannotate/bin/diamond /root/miniconda3/envs/funannotate/lib/python2.7/site-packages
#  emapper-2.0.1
# ./emapper.py  --target_orthologs all --go_evidence non-electronic -m diamond --seed_ortholog_evalue 0.001 --seed_ortholog_score 60 --query-cover 20 --subject-cover 0 --override -i /home/yichun/huilab/snail/longest_protO/Pomacea_canaliculata.fa -o Pomacea_canaliculata.eggnog --output_dir /home/yichun/huilab/snail/eggnog --temp_dir /home/yichun/huilab/snail/eggnog_tmp --database none --cpu 40
[1;33m  /root/miniconda3/envs/funannotate/bin/diamond blastp -d /root/miniconda3/envs/funannotate/lib/python2.7/site-packages/data/eggnog_proteins.dmnd -q /home/yichun/huilab/snail/longest_protO/Pomacea_canaliculata.fa --more-sensitive --threads 40 -e 0.001000 -o /home/yichun/huilab/snail/eggnog_tmp/emappertmp_dmdn_WljRAb/025a3dba3e7e4cbd90bc940fb57261aa --top 3 --query-cover 20.0 --subject-cover 0.0[0m
[32mFunctional annotation of refined hits starts now[0m
500 0.635889053345 786.30 q/s (func. annotation)
1000 0.914410114288 1093.60 q/s (func. annotation)
1500 1.41249203682 1061.95 q/s (func. annotation)
2000 1.9971370697 1001.43 q/s (func. annotation)
2500 2.65698409081 940.92 q/s (func. annotation)
3000 3.2055311203 935.88 q/s (func. annotation)
3500 3.8762319088 902.94 q/s (func. annotation)
4000 4.70305991173 850.51 q/s (func. annotation)
4500 5.31688213348 846.36 q/s (func. annotation)
5000 6.10260796547 819.32 q/s (func. annotation)
5500 7.10901999474 773.67 q/s (func. annotation)
6000 7.7074971199 778.46 q/s (func. annotation)
6500 7.99049496651 813.47 q/s (func. annotation)
7000 8.12583899498 861.45 q/s (func. annotation)
7500 8.23408293724 910.85 q/s (func. annotation)
8000 8.3355281353 959.75 q/s (func. annotation)
8500 8.44300293922 1006.75 q/s (func. annotation)
9000 8.54105710983 1053.73 q/s (func. annotation)
9500 8.64121699333 1099.38 q/s (func. annotation)
10000 8.77764511108 1139.26 q/s (func. annotation)
10500 8.90468192101 1179.15 q/s (func. annotation)
11000 9.01198506355 1220.60 q/s (func. annotation)
11500 9.12357807159 1260.47 q/s (func. annotation)
12000 9.26823592186 1294.74 q/s (func. annotation)
12500 9.37757110596 1332.97 q/s (func. annotation)
13000 9.520829916 1365.43 q/s (func. annotation)
13500 9.65349507332 1398.46 q/s (func. annotation)
14000 9.80340695381 1428.07 q/s (func. annotation)
14500 9.9559469223 1456.42 q/s (func. annotation)
15000 10.0643029213 1490.42 q/s (func. annotation)
15500 10.2257750034 1515.78 q/s (func. annotation)
[1;34m Processed queries:15505 total_time:10.2774169445 rate:1508.65 q/s[0m
[32mDone[0m
   Pomacea_canaliculata.eggnog.emapper.seed_orthologs
   Pomacea_canaliculata.eggnog.emapper.annotations
Total time: 2059.37 secs

================================================================================
CITATION:
If you use this software, please cite:

[1] Fast genome-wide functional annotation through orthology assignment by
      eggNOG-mapper. Jaime Huerta-Cepas, Kristoffer Forslund, Luis Pedro Coelho,
      Damian Szklarczyk, Lars Juhl Jensen, Christian von Mering and Peer Bork.
      Mol Biol Evol (2017). doi: https://doi.org/10.1093/molbev/msx148

[2] eggNOG 5.0: a hierarchical, functionally and phylogenetically annotated
      orthology resource based on 5090 organisms and 2502 viruses. Jaime
      Huerta-Cepas, Damian Szklarczyk, Davide Heller, Ana Hernandez-Plaza,
      Sofia K Forslund, Helen Cook, Daniel R Mende, Ivica Letunic, Thomas
      Rattei, Lars J Jensen, Christian von Mering and Peer Bork. Nucleic Acids
      Research, Volume 47, Issue D1, 8 January 2019, Pages D309-D314,
      https://doi.org/10.1093/nar/gky1085 
[3] Fast and Sensitive Protein Alignment using DIAMOND. Buchfink B, Xie C,
       Huson DH. 2015. Nat. Methods [Internet] 12.


(e.g. Functional annotation was performed using emapper-2.0.1 [1]
 based on eggNOG orthology data [2]. Sequence searches were performed
 using [3].)

================================================================================

Scapharca_Anadara_broughtonii
/root/miniconda3/envs/funannotate/bin/diamond /root/miniconda3/envs/funannotate/lib/python2.7/site-packages
#  emapper-2.0.1
# ./emapper.py  --target_orthologs all --go_evidence non-electronic -m diamond --seed_ortholog_evalue 0.001 --seed_ortholog_score 60 --query-cover 20 --subject-cover 0 --override -i /home/yichun/huilab/snail/longest_protO/Scapharca_Anadara_broughtonii.fa -o Scapharca_Anadara_broughtonii.eggnog --output_dir /home/yichun/huilab/snail/eggnog --temp_dir /home/yichun/huilab/snail/eggnog_tmp --database none --cpu 40
[1;33m  /root/miniconda3/envs/funannotate/bin/diamond blastp -d /root/miniconda3/envs/funannotate/lib/python2.7/site-packages/data/eggnog_proteins.dmnd -q /home/yichun/huilab/snail/longest_protO/Scapharca_Anadara_broughtonii.fa --more-sensitive --threads 40 -e 0.001000 -o /home/yichun/huilab/snail/eggnog_tmp/emappertmp_dmdn_1kxrlG/4d7d3dd0d613455d8b83471a09bc524a --top 3 --query-cover 20.0 --subject-cover 0.0[0m
[32mFunctional annotation of refined hits starts now[0m
500 2.36142587662 211.74 q/s (func. annotation)
1000 2.75775694847 362.61 q/s (func. annotation)
1500 5.53011894226 271.24 q/s (func. annotation)
2000 6.24249482155 320.38 q/s (func. annotation)
2500 6.63330984116 376.89 q/s (func. annotation)
3000 7.05037379265 425.51 q/s (func. annotation)
3500 7.46318888664 468.97 q/s (func. annotation)
4000 8.20157980919 487.71 q/s (func. annotation)
4500 8.6695098877 519.06 q/s (func. annotation)
5000 9.33324289322 535.72 q/s (func. annotation)
5500 9.72772288322 565.39 q/s (func. annotation)
6000 10.3569819927 579.32 q/s (func. annotation)
6500 10.8266458511 600.37 q/s (func. annotation)
7000 11.0753788948 632.03 q/s (func. annotation)
7500 11.2265028954 668.06 q/s (func. annotation)
8000 11.4464249611 698.91 q/s (func. annotation)
8500 11.5628929138 735.11 q/s (func. annotation)
9000 11.7199850082 767.92 q/s (func. annotation)
9500 11.8921179771 798.85 q/s (func. annotation)
10000 12.0164239407 832.19 q/s (func. annotation)
10500 12.1696469784 862.80 q/s (func. annotation)
11000 12.2916607857 894.92 q/s (func. annotation)
11500 12.4670639038 922.43 q/s (func. annotation)
12000 12.5891449451 953.20 q/s (func. annotation)
12500 12.7160379887 983.01 q/s (func. annotation)
13000 12.8380877972 1012.61 q/s (func. annotation)
13500 12.9573869705 1041.88 q/s (func. annotation)
14000 13.1152999401 1067.46 q/s (func. annotation)
14500 13.2297549248 1096.01 q/s (func. annotation)
15000 13.3753519058 1121.47 q/s (func. annotation)
15500 13.5028009415 1147.91 q/s (func. annotation)
16000 13.6095128059 1175.65 q/s (func. annotation)
16500 13.7229619026 1202.36 q/s (func. annotation)
17000 13.8381137848 1228.49 q/s (func. annotation)
17500 13.9669239521 1252.96 q/s (func. annotation)
18000 14.1386098862 1273.11 q/s (func. annotation)
[1;34m Processed queries:18233 total_time:14.2968389988 rate:1275.32 q/s[0m
[32mDone[0m
   Scapharca_Anadara_broughtonii.eggnog.emapper.seed_orthologs
   Scapharca_Anadara_broughtonii.eggnog.emapper.annotations
Total time: 1931.55 secs

================================================================================
CITATION:
If you use this software, please cite:

[1] Fast genome-wide functional annotation through orthology assignment by
      eggNOG-mapper. Jaime Huerta-Cepas, Kristoffer Forslund, Luis Pedro Coelho,
      Damian Szklarczyk, Lars Juhl Jensen, Christian von Mering and Peer Bork.
      Mol Biol Evol (2017). doi: https://doi.org/10.1093/molbev/msx148

[2] eggNOG 5.0: a hierarchical, functionally and phylogenetically annotated
      orthology resource based on 5090 organisms and 2502 viruses. Jaime
      Huerta-Cepas, Damian Szklarczyk, Davide Heller, Ana Hernandez-Plaza,
      Sofia K Forslund, Helen Cook, Daniel R Mende, Ivica Letunic, Thomas
      Rattei, Lars J Jensen, Christian von Mering and Peer Bork. Nucleic Acids
      Research, Volume 47, Issue D1, 8 January 2019, Pages D309-D314,
      https://doi.org/10.1093/nar/gky1085 
[3] Fast and Sensitive Protein Alignment using DIAMOND. Buchfink B, Xie C,
       Huson DH. 2015. Nat. Methods [Internet] 12.


(e.g. Functional annotation was performed using emapper-2.0.1 [1]
 based on eggNOG orthology data [2]. Sequence searches were performed
 using [3].)

================================================================================

